Log file opened on Sun Oct 24 17:28:49 2021
Host: std0401  pid: 14091  rank ID: 0  number of ranks:  24
                      :-) GROMACS - mdrun_mpi, 2018.2 (-:

                            GROMACS is written by:
     Emile Apol      Rossen Apostolov      Paul Bauer     Herman J.C. Berendsen
    Par Bjelkmar    Aldert van Buuren   Rudi van Drunen     Anton Feenstra  
  Gerrit Groenhof    Aleksei Iupinov   Christoph Junghans   Anca Hamuraru   
 Vincent Hindriksen Dimitrios Karkoulis    Peter Kasson        Jiri Kraus    
  Carsten Kutzner      Per Larsson      Justin A. Lemkul    Viveca Lindahl  
  Magnus Lundborg   Pieter Meulenhoff    Erik Marklund      Teemu Murtola   
    Szilard Pall       Sander Pronk      Roland Schulz     Alexey Shvetsov  
   Michael Shirts     Alfons Sijbers     Peter Tieleman    Teemu Virolainen 
 Christian Wennberg    Maarten Wolf   
                           and the project leaders:
        Mark Abraham, Berk Hess, Erik Lindahl, and David van der Spoel

Copyright (c) 1991-2000, University of Groningen, The Netherlands.
Copyright (c) 2001-2017, The GROMACS development team at
Uppsala University, Stockholm University and
the Royal Institute of Technology, Sweden.
check out http://www.gromacs.org for more information.

GROMACS is free software; you can redistribute it and/or modify it
under the terms of the GNU Lesser General Public License
as published by the Free Software Foundation; either version 2.1
of the License, or (at your option) any later version.

GROMACS:      mdrun_mpi, version 2018.2
Executable:   /app/gromacs/2018.2/gcc493/impi/bin/mdrun_mpi
Data prefix:  /app/gromacs/2018.2/gcc493/impi
Working dir:  /scratch/users/industry/ai-hpc/apacsc14/GROMACS/stmv/final_stmv_35
Command line:
  mdrun_mpi -s stmv.tpr -v -noconfout -resethway -nsteps 100000 -ntomp 1 -gcom 35 -nstlist 35

GROMACS version:    2018.2
Precision:          single
Memory model:       64 bit
MPI library:        MPI
OpenMP support:     enabled (GMX_OPENMP_MAX_THREADS = 64)
GPU support:        disabled
SIMD instructions:  AVX2_256
FFT library:        fftw-3.3.8-sse2-avx-avx2-avx2_128-avx512
RDTSCP usage:       enabled
TNG support:        enabled
Hwloc support:      disabled
Tracing support:    disabled
Built on:           2018-07-18 10:39:47
Built by:           fsg3@gpu2012 [CMAKE]
Build OS/arch:      Linux 2.6.32-696.30.1.el6.x86_64 x86_64
Build CPU vendor:   Intel
Build CPU brand:    Intel(R) Xeon(R) CPU E5-2690 v3 @ 2.60GHz
Build CPU family:   6   Model: 63   Stepping: 2
Build CPU features: aes apic avx avx2 clfsh cmov cx8 cx16 f16c fma htt intel lahf mmx msr nonstop_tsc pcid pclmuldq pdcm pdpe1gb popcnt pse rdrnd rdtscp sse2 sse3 sse4.1 sse4.2 ssse3 tdt x2apic
C compiler:         /app/gcc/4.9.3/bin/gcc GNU 4.9.3
C compiler flags:    -march=core-avx2     -O3 -DNDEBUG -funroll-all-loops -fexcess-precision=fast  
C++ compiler:       /app/gcc/4.9.3/bin/g++ GNU 4.9.3
C++ compiler flags:  -march=core-avx2    -std=c++11   -O3 -DNDEBUG -funroll-all-loops -fexcess-precision=fast  


Running on 1 node with total 24 cores, 24 logical cores
Hardware detected on host std0401 (the node of MPI rank 0):
  CPU info:
    Vendor: Intel
    Brand:  Intel(R) Xeon(R) CPU E5-2690 v3 @ 2.60GHz
    Family: 6   Model: 63   Stepping: 2
    Features: aes apic avx avx2 clfsh cmov cx8 cx16 f16c fma htt intel lahf mmx msr nonstop_tsc pcid pclmuldq pdcm pdpe1gb popcnt pse rdrnd rdtscp sse2 sse3 sse4.1 sse4.2 ssse3 tdt x2apic
  Hardware topology: Basic
    Sockets, cores, and logical processors:
      Socket  0: [   0] [   1] [   2] [   3] [   4] [   5] [   6] [   7] [   8] [   9] [  10] [  11]
      Socket  1: [  12] [  13] [  14] [  15] [  16] [  17] [  18] [  19] [  20] [  21] [  22] [  23]


++++ PLEASE READ AND CITE THE FOLLOWING REFERENCE ++++
M. J. Abraham, T. Murtola, R. Schulz, S. Páll, J. C. Smith, B. Hess, E.
Lindahl
GROMACS: High performance molecular simulations through multi-level
parallelism from laptops to supercomputers
SoftwareX 1 (2015) pp. 19-25
-------- -------- --- Thank You --- -------- --------


++++ PLEASE READ AND CITE THE FOLLOWING REFERENCE ++++
S. Páll, M. J. Abraham, C. Kutzner, B. Hess, E. Lindahl
Tackling Exascale Software Challenges in Molecular Dynamics Simulations with
GROMACS
In S. Markidis & E. Laure (Eds.), Solving Software Challenges for Exascale 8759 (2015) pp. 3-27
-------- -------- --- Thank You --- -------- --------


++++ PLEASE READ AND CITE THE FOLLOWING REFERENCE ++++
S. Pronk, S. Páll, R. Schulz, P. Larsson, P. Bjelkmar, R. Apostolov, M. R.
Shirts, J. C. Smith, P. M. Kasson, D. van der Spoel, B. Hess, and E. Lindahl
GROMACS 4.5: a high-throughput and highly parallel open source molecular
simulation toolkit
Bioinformatics 29 (2013) pp. 845-54
-------- -------- --- Thank You --- -------- --------


++++ PLEASE READ AND CITE THE FOLLOWING REFERENCE ++++
B. Hess and C. Kutzner and D. van der Spoel and E. Lindahl
GROMACS 4: Algorithms for highly efficient, load-balanced, and scalable
molecular simulation
J. Chem. Theory Comput. 4 (2008) pp. 435-447
-------- -------- --- Thank You --- -------- --------


++++ PLEASE READ AND CITE THE FOLLOWING REFERENCE ++++
D. van der Spoel, E. Lindahl, B. Hess, G. Groenhof, A. E. Mark and H. J. C.
Berendsen
GROMACS: Fast, Flexible and Free
J. Comp. Chem. 26 (2005) pp. 1701-1719
-------- -------- --- Thank You --- -------- --------


++++ PLEASE READ AND CITE THE FOLLOWING REFERENCE ++++
E. Lindahl and B. Hess and D. van der Spoel
GROMACS 3.0: A package for molecular simulation and trajectory analysis
J. Mol. Mod. 7 (2001) pp. 306-317
-------- -------- --- Thank You --- -------- --------


++++ PLEASE READ AND CITE THE FOLLOWING REFERENCE ++++
H. J. C. Berendsen, D. van der Spoel and R. van Drunen
GROMACS: A message-passing parallel molecular dynamics implementation
Comp. Phys. Comm. 91 (1995) pp. 43-56
-------- -------- --- Thank You --- -------- --------


The number of OpenMP threads was set by environment variable OMP_NUM_THREADS to 1 (and the command-line setting agreed with that)

Input Parameters:
   integrator                     = md
   tinit                          = 0
   dt                             = 0.002
   nsteps                         = -1
   init-step                      = 0
   simulation-part                = 1
   comm-mode                      = Linear
   nstcomm                        = 500
   bd-fric                        = 0
   ld-seed                        = 1725549583
   emtol                          = 10
   emstep                         = 0.01
   niter                          = 20
   fcstep                         = 0
   nstcgsteep                     = 1000
   nbfgscorr                      = 10
   rtpi                           = 0.05
   nstxout                        = 0
   nstvout                        = 0
   nstfout                        = 0
   nstlog                         = 0
   nstcalcenergy                  = 500
   nstenergy                      = 0
   nstxout-compressed             = 0
   compressed-x-precision         = 1000
   cutoff-scheme                  = Verlet
   nstlist                        = 10
   ns-type                        = Grid
   pbc                            = xyz
   periodic-molecules             = false
   verlet-buffer-tolerance        = 0.005
   rlist                          = 1.2
   coulombtype                    = PME
   coulomb-modifier               = Potential-shift
   rcoulomb-switch                = 0
   rcoulomb                       = 1.2
   epsilon-r                      = 1
   epsilon-rf                     = inf
   vdw-type                       = Cut-off
   vdw-modifier                   = Force-switch
   rvdw-switch                    = 1
   rvdw                           = 1.2
   DispCorr                       = No
   table-extension                = 1
   fourierspacing                 = 0.15
   fourier-nx                     = 160
   fourier-ny                     = 160
   fourier-nz                     = 160
   pme-order                      = 4
   ewald-rtol                     = 1e-05
   ewald-rtol-lj                  = 0.001
   lj-pme-comb-rule               = Geometric
   ewald-geometry                 = 0
   epsilon-surface                = 0
   implicit-solvent               = No
   gb-algorithm                   = Still
   nstgbradii                     = 1
   rgbradii                       = 1
   gb-epsilon-solvent             = 80
   gb-saltconc                    = 0
   gb-obc-alpha                   = 1
   gb-obc-beta                    = 0.8
   gb-obc-gamma                   = 4.85
   gb-dielectric-offset           = 0.009
   sa-algorithm                   = Ace-approximation
   sa-surface-tension             = 2.05016
   tcoupl                         = V-rescale
   nsttcouple                     = 10
   nh-chain-length                = 0
   print-nose-hoover-chain-variables = false
   pcoupl                         = No
   pcoupltype                     = Isotropic
   nstpcouple                     = -1
   tau-p                          = 1
   compressibility (3x3):
      compressibility[    0]={ 0.00000e+00,  0.00000e+00,  0.00000e+00}
      compressibility[    1]={ 0.00000e+00,  0.00000e+00,  0.00000e+00}
      compressibility[    2]={ 0.00000e+00,  0.00000e+00,  0.00000e+00}
   ref-p (3x3):
      ref-p[    0]={ 0.00000e+00,  0.00000e+00,  0.00000e+00}
      ref-p[    1]={ 0.00000e+00,  0.00000e+00,  0.00000e+00}
      ref-p[    2]={ 0.00000e+00,  0.00000e+00,  0.00000e+00}
   refcoord-scaling               = No
   posres-com (3):
      posres-com[0]= 0.00000e+00
      posres-com[1]= 0.00000e+00
      posres-com[2]= 0.00000e+00
   posres-comB (3):
      posres-comB[0]= 0.00000e+00
      posres-comB[1]= 0.00000e+00
      posres-comB[2]= 0.00000e+00
   QMMM                           = false
   QMconstraints                  = 0
   QMMMscheme                     = 0
   MMChargeScaleFactor            = 1
qm-opts:
   ngQM                           = 0
   constraint-algorithm           = Lincs
   continuation                   = false
   Shake-SOR                      = false
   shake-tol                      = 0.0001
   lincs-order                    = 4
   lincs-iter                     = 1
   lincs-warnangle                = 30
   nwall                          = 0
   wall-type                      = 9-3
   wall-r-linpot                  = -1
   wall-atomtype[0]               = -1
   wall-atomtype[1]               = -1
   wall-density[0]                = 0
   wall-density[1]                = 0
   wall-ewald-zfac                = 3
   pull                           = false
   awh                            = false
   rotation                       = false
   interactiveMD                  = false
   disre                          = No
   disre-weighting                = Conservative
   disre-mixed                    = false
   dr-fc                          = 1000
   dr-tau                         = 0
   nstdisreout                    = 100
   orire-fc                       = 0
   orire-tau                      = 0
   nstorireout                    = 100
   free-energy                    = no
   cos-acceleration               = 0
   deform (3x3):
      deform[    0]={ 0.00000e+00,  0.00000e+00,  0.00000e+00}
      deform[    1]={ 0.00000e+00,  0.00000e+00,  0.00000e+00}
      deform[    2]={ 0.00000e+00,  0.00000e+00,  0.00000e+00}
   simulated-tempering            = false
   swapcoords                     = no
   userint1                       = 0
   userint2                       = 0
   userint3                       = 0
   userint4                       = 0
   userreal1                      = 0
   userreal2                      = 0
   userreal3                      = 0
   userreal4                      = 0
   applied-forces:
     electric-field:
       x:
         E0                       = 0
         omega                    = 0
         t0                       = 0
         sigma                    = 0
       y:
         E0                       = 0
         omega                    = 0
         t0                       = 0
         sigma                    = 0
       z:
         E0                       = 0
         omega                    = 0
         t0                       = 0
         sigma                    = 0
grpopts:
   nrdf:  2.52232e+06
   ref-t:         298
   tau-t:         0.1
annealing:          No
annealing-npoints:           0
   acc:	           0           0           0
   nfreeze:           N           N           N
   energygrp-flags[  0]: 0

The -nsteps functionality is deprecated, and may be removed in a future version. Consider using gmx convert-tpr -nsteps or changing the appropriate .mdp file field.

Overriding nsteps with value passed on the command line: 100000 steps, 200 ps
Changing nstlist from 10 to 35, rlist from 1.2 to 1.263


Initializing Domain Decomposition on 24 ranks
Dynamic load balancing: locked
Initial maximum inter charge-group distances:
    two-body bonded interactions: 0.442 nm, LJ-14, atoms 106625 106633
  multi-body bonded interactions: 0.442 nm, Proper Dih., atoms 106625 106633
Minimum cell size due to bonded interactions: 0.486 nm
Maximum distance for 5 constraints, at 120 deg. angles, all-trans: 0.222 nm
Estimated maximum distance required for P-LINCS: 0.222 nm
Guess for relative PME load: 0.14
Will use 20 particle-particle and 4 PME only ranks
This is a guess, check the performance at the end of the log file
Using 4 separate PME ranks, as guessed by mdrun
Scaling the initial minimum size with 1/0.8 (option -dds) = 1.25
Optimizing the DD grid for 20 cells with a minimum initial size of 0.607 nm
The maximum allowed number of cells is: X 35 Y 35 Z 35
Domain decomposition grid 4 x 5 x 1, separate PME ranks 4
PME domain decomposition: 4 x 1 x 1
Interleaving PP and PME ranks
This rank does only particle-particle work.

Domain decomposition rank 0, coordinates 0 0 0

The initial number of communication pulses is: X 1 Y 1
The initial domain decomposition cell size is: X 5.42 nm Y 4.34 nm

The maximum allowed distance for charge groups involved in interactions is:
                 non-bonded interactions           1.263 nm
            two-body bonded interactions  (-rdd)   1.263 nm
          multi-body bonded interactions  (-rdd)   1.263 nm
  atoms separated by up to 5 constraints  (-rcon)  4.337 nm

When dynamic load balancing gets turned on, these settings will change to:
The maximum number of communication pulses is: X 1 Y 1
The minimum size for domain decomposition cells is 1.263 nm
The requested allowed shrink of DD cells (option -dds) is: 0.80
The allowed shrink of domain decomposition cells is: X 0.23 Y 0.29
The maximum allowed distance for charge groups involved in interactions is:
                 non-bonded interactions           1.263 nm
            two-body bonded interactions  (-rdd)   1.263 nm
          multi-body bonded interactions  (-rdd)   1.263 nm
  atoms separated by up to 5 constraints  (-rcon)  1.263 nm


Using 24 MPI processes
Using 1 OpenMP thread per MPI process


Non-default thread affinity set probably by the OpenMP library,
disabling internal thread affinity
System total charge: 0.000
Will do PME sum in reciprocal space for electrostatic interactions.

++++ PLEASE READ AND CITE THE FOLLOWING REFERENCE ++++
U. Essmann, L. Perera, M. L. Berkowitz, T. Darden, H. Lee and L. G. Pedersen 
A smooth particle mesh Ewald method
J. Chem. Phys. 103 (1995) pp. 8577-8592
-------- -------- --- Thank You --- -------- --------

Using a Gaussian width (1/beta) of 0.384195 nm for Ewald
Potential shift: LJ r^-12: -2.648e-01 r^-6: -5.349e-01, Ewald -8.333e-06
Initialized non-bonded Ewald correction tables, spacing: 1.02e-03 size: 1176

Generated table with 1131 data points for 1-4 COUL.
Tabscale = 500 points/nm
Generated table with 1131 data points for 1-4 LJ6.
Tabscale = 500 points/nm
Generated table with 1131 data points for 1-4 LJ12.
Tabscale = 500 points/nm

Using SIMD 4x8 nonbonded short-range kernels

Using a dual 4x8 pair-list setup updated with dynamic pruning:
  outer list: updated every 35 steps, buffer 0.063 nm, rlist 1.263 nm
  inner list: updated every 14 steps, buffer 0.002 nm, rlist 1.202 nm
At tolerance 0.005 kJ/mol/ps per atom, equivalent classical 1x1 list would be:
  outer list: updated every 35 steps, buffer 0.172 nm, rlist 1.372 nm
  inner list: updated every 14 steps, buffer 0.056 nm, rlist 1.256 nm

Removing pbc first time

Initializing Parallel LINear Constraint Solver

++++ PLEASE READ AND CITE THE FOLLOWING REFERENCE ++++
B. Hess
P-LINCS: A Parallel Linear Constraint Solver for molecular simulation
J. Chem. Theory Comput. 4 (2008) pp. 116-122
-------- -------- --- Thank You --- -------- --------

The number of constraints is 677561
There are inter charge-group constraints,
will communicate selected coordinates each lincs iteration

Linking all bonded interactions to atoms


The -noconfout functionality is deprecated, and may be removed in a future version.

The -resethway functionality is deprecated, and may be removed in a future version.

NOTE: -gcom changes nstcalcenergy to 525

NOTE: -gcom changes nsttcouple to 35

Intra-simulation communication will occur every 35 steps.
Center of mass motion removal mode is Linear
We have the following groups for center of mass motion removal:
  0:  rest

++++ PLEASE READ AND CITE THE FOLLOWING REFERENCE ++++
G. Bussi, D. Donadio and M. Parrinello
Canonical sampling through velocity rescaling
J. Chem. Phys. 126 (2007) pp. 014101
-------- -------- --- Thank You --- -------- --------

There are: 1066628 Atoms
Atom distribution over 20 domains: av 53331 stddev 340 min 52933 max 53892

Constraining the starting coordinates (step 0)

Constraining the coordinates at t0-dt (step 0)
RMS relative constraint deviation after constraining: 1.40e-06
Initial temperature: 3.23212e-06 K

Started mdrun on rank 0 Sun Oct 24 17:28:56 2021
           Step           Time
              0        0.00000

   Energies (kJ/mol)
           Bond            U-B    Proper Dih.  Improper Dih.          LJ-14
    1.57892e+05    1.15053e+06    3.42878e+05    2.08635e+04    1.72086e+05
     Coulomb-14        LJ (SR)   Coulomb (SR)   Coul. recip.      Potential
    1.53232e+06    1.46604e+06   -1.95823e+07    6.06867e+04   -1.46790e+07
    Kinetic En.   Total Energy  Conserved En.    Temperature Pressure (bar)
    1.49464e+05   -1.45296e+07   -1.45296e+07    1.42539e+01   -7.71177e+01
   Constr. rmsd
    0.00000e+00

DD  step 34 load imb.: force  3.4%  pme mesh/force 0.392


step 70 Turning on dynamic load balancing, because the performance loss due to load imbalance is 3.2 %.

Writing checkpoint, step 7070 at Sun Oct 24 17:44:02 2021


Writing checkpoint, step 14070 at Sun Oct 24 17:59:01 2021


Writing checkpoint, step 21070 at Sun Oct 24 18:14:02 2021


Writing checkpoint, step 28070 at Sun Oct 24 18:29:01 2021


Writing checkpoint, step 35070 at Sun Oct 24 18:44:01 2021


Writing checkpoint, step 42105 at Sun Oct 24 18:59:03 2021


Writing checkpoint, step 49105 at Sun Oct 24 19:14:04 2021



step 50000: resetting all time and cycle counters
Restarted time on rank 0 Sun Oct 24 19:16:00 2021
DD  step 99994  vol min/aver 0.963  load imb.: force  0.3%  pme mesh/force 0.412

           Step           Time
         100000      200.00000

   Energies (kJ/mol)
           Bond            U-B    Proper Dih.  Improper Dih.          LJ-14
    1.59851e+05    1.14175e+06    3.42495e+05    2.06902e+04    1.70821e+05
     Coulomb-14        LJ (SR)   Coulomb (SR)   Coul. recip.      Potential
    1.52852e+06    1.18955e+06   -1.91084e+07    6.05250e+04   -1.44942e+07
    Kinetic En.   Total Energy  Conserved En.    Temperature Pressure (bar)
    3.28487e+07    1.83545e+07    1.56860e+07    3.13267e+03    3.24737e+04
   Constr. rmsd
    6.71445e-06

	<======  ###############  ==>
	<====  A V E R A G E S  ====>
	<==  ###############  ======>

	Statistics over 100001 steps using 191 frames

   Energies (kJ/mol)
           Bond            U-B    Proper Dih.  Improper Dih.          LJ-14
    1.62738e+05    1.15385e+06    3.43970e+05    2.15060e+04    1.71979e+05
     Coulomb-14        LJ (SR)   Coulomb (SR)   Coul. recip.      Potential
    1.53022e+06    1.20743e+06   -1.91616e+07    6.04573e+04   -1.45094e+07
    Kinetic En.   Total Energy  Conserved En.    Temperature Pressure (bar)
    3.10928e+06   -1.14002e+07   -1.41099e+07    2.96521e+02    2.28435e+02
   Constr. rmsd
    0.00000e+00

   Total Virial (kJ/mol)
    9.67228e+05    3.74187e+02    5.74845e+02
    3.74472e+02    9.66030e+05   -7.14223e+02
    5.75107e+02   -7.14357e+02    9.65656e+05

   Pressure (bar)
    2.24848e+02   -1.66309e+00   -1.38879e+00
   -1.66402e+00    2.29333e+02    2.07406e+00
   -1.38965e+00    2.07450e+00    2.31126e+02


	M E G A - F L O P S   A C C O U N T I N G

 NB=Group-cutoff nonbonded kernels    NxN=N-by-N cluster Verlet kernels
 RF=Reaction-Field  VdW=Van der Waals  QSTab=quadratic-spline table
 W3=SPC/TIP3p  W4=TIP4p (single or pairs)
 V&F=Potential and force  V=Potential only  F=Force only

 Computing:                               M-Number         M-Flops  % Flops
-----------------------------------------------------------------------------
 Pair Search distance check         1084377.199234     9759394.793     0.3
 NxN Ewald Elec. + LJ [F]          44582788.139168  3477457474.855    95.9
 NxN Ewald Elec. + LJ [V&F]           85757.728480    11062746.974     0.3
 NxN Ewald Elec. [F]                 117571.831872     7171881.744     0.2
 NxN Ewald Elec. [V&F]                  225.181888       18915.279     0.0
 1,4 nonbonded interactions           21718.834368     1954695.093     0.1
 Calc Weights                        159997.399884     5759906.396     0.2
 Spread Q Bspline                   3413277.864192     6826555.728     0.2
 Gather F Bspline                   3413277.864192    20479667.185     0.6
 3D-FFT                             8997365.143704    71978921.150     2.0
 Solve PME                             1280.025600       81921.638     0.0
 Reset In Box                          1524.211412        4572.634     0.0
 CG-CoM                                1524.211412        4572.634     0.0
 Bonds                                 4619.842395      272570.701     0.0
 Propers                              19161.383220     4387956.757     0.1
 Impropers                             1201.924038      250000.200     0.0
 Virial                                 102.482688        1844.688     0.0
 Stop-CM                                107.729428        1077.294     0.0
 Calc-Ekin                             3141.219460       84812.925     0.0
 Lincs                                35070.504628     2104230.278     0.1
 Lincs-Mat                           205553.554596      822214.218     0.0
 Constraint-V                         70141.009256      561128.074     0.0
 Constraint-Vir                          67.332686        1615.984     0.0
 Urey-Bradley                         30294.205872     5543839.675     0.2
-----------------------------------------------------------------------------
 Total                                              3626592516.900   100.0
-----------------------------------------------------------------------------


    D O M A I N   D E C O M P O S I T I O N   S T A T I S T I C S

 av. #atoms communicated per step for force:  2 x 620190.1
 av. #atoms communicated per step for LINCS:  2 x 36163.0


 Dynamic load balancing report:
 DLB was turned on during the run due to measured imbalance.
 Average load imbalance: 0.8%.
 The balanceable part of the MD step is 90%, load imbalance is computed from this.
 Part of the total run time spent waiting due to load imbalance: 0.7%.
 Steps where the load balancing was limited by -rdd, -rcon and/or -dds: X 0 % Y 0 %
 Average PME mesh/force load: 0.398
 Part of the total run time spent waiting due to PP/PME imbalance: 9.3 %

NOTE: 9.3 % performance was lost because the PME ranks
      had less work to do than the PP ranks.
      You might want to decrease the number of PME ranks
      or decrease the cut-off and the grid spacing.


     R E A L   C Y C L E   A N D   T I M E   A C C O U N T I N G

On 20 MPI ranks doing PP, and
on 4 MPI ranks doing PME

 Computing:          Num   Num      Call    Wall time         Giga-Cycles
                     Ranks Threads  Count      (s)         total sum    %
-----------------------------------------------------------------------------
 Domain decomp.        20    1       1429      81.396       4222.804   1.1
 DD comm. load         20    1       1429       0.127          6.610   0.0
 DD comm. bounds       20    1       1429       0.604         31.337   0.0
 Send X to PME         20    1      50001      27.962       1450.649   0.4
 Neighbor search       20    1       1429     132.221       6859.576   1.7
 Comm. coord.          20    1      48572      38.018       1972.344   0.5
 Force                 20    1      50001    5785.169     300131.351  75.0
 Wait + Comm. F        20    1      50001      98.079       5088.286   1.3
 PME mesh *             4    1      50001    2363.971      24528.302   6.1
 PME wait for PP *                           4062.041      42147.290  10.5
 Wait + Recv. PME F    20    1      50001      16.807        871.963   0.2
 NB X/F buffer ops.    20    1     147145      28.128       1459.286   0.4
 Update                20    1      50001      24.802       1286.706   0.3
 Constraints           20    1      50001     189.928       9853.347   2.5
 Comm. energies        20    1       1516       0.912         47.316   0.0
 Rest                                           1.859         96.459   0.0
-----------------------------------------------------------------------------
 Total                                       6426.014     400053.640 100.0
-----------------------------------------------------------------------------
(*) Note that with separate PME ranks, the walltime column actually sums to
    twice the total reported, but the cycle count total and % are correct.
-----------------------------------------------------------------------------
 Breakdown of PME mesh computation
-----------------------------------------------------------------------------
 PME redist. X/F        4    1     100002     179.186       1859.209   0.5
 PME spread             4    1      50001     838.154       8696.596   2.2
 PME gather             4    1      50001     577.877       5995.992   1.5
 PME 3D-FFT             4    1     100002     606.665       6294.684   1.6
 PME 3D-FFT Comm.       4    1     100002     109.218       1133.232   0.3
 PME solve Elec         4    1      50001      52.505        544.789   0.1
-----------------------------------------------------------------------------

               Core t (s)   Wall t (s)        (%)
       Time:   154224.326     6426.014     2400.0
                         1h47:06
                 (ns/day)    (hour/ns)
Performance:        1.345       17.850
Finished mdrun on rank 0 Sun Oct 24 21:03:06 2021
