Log file opened on Mon Oct 11 14:44:46 2021
Host: std0312  pid: 13336  rank ID: 0  number of ranks:  24
                      :-) GROMACS - mdrun_mpi, 2018.2 (-:

                            GROMACS is written by:
     Emile Apol      Rossen Apostolov      Paul Bauer     Herman J.C. Berendsen
    Par Bjelkmar    Aldert van Buuren   Rudi van Drunen     Anton Feenstra  
  Gerrit Groenhof    Aleksei Iupinov   Christoph Junghans   Anca Hamuraru   
 Vincent Hindriksen Dimitrios Karkoulis    Peter Kasson        Jiri Kraus    
  Carsten Kutzner      Per Larsson      Justin A. Lemkul    Viveca Lindahl  
  Magnus Lundborg   Pieter Meulenhoff    Erik Marklund      Teemu Murtola   
    Szilard Pall       Sander Pronk      Roland Schulz     Alexey Shvetsov  
   Michael Shirts     Alfons Sijbers     Peter Tieleman    Teemu Virolainen 
 Christian Wennberg    Maarten Wolf   
                           and the project leaders:
        Mark Abraham, Berk Hess, Erik Lindahl, and David van der Spoel

Copyright (c) 1991-2000, University of Groningen, The Netherlands.
Copyright (c) 2001-2017, The GROMACS development team at
Uppsala University, Stockholm University and
the Royal Institute of Technology, Sweden.
check out http://www.gromacs.org for more information.

GROMACS is free software; you can redistribute it and/or modify it
under the terms of the GNU Lesser General Public License
as published by the Free Software Foundation; either version 2.1
of the License, or (at your option) any later version.

GROMACS:      mdrun_mpi, version 2018.2
Executable:   /app/gromacs/2018.2/gcc493/impi/bin/mdrun_mpi
Data prefix:  /app/gromacs/2018.2/gcc493/impi
Working dir:  /scratch/users/industry/ai-hpc/apacsc14/GROMACS/run/final_ligno_24hr
Command line:
  mdrun_mpi -s lignocellulose-rf.tpr -v -noconfout -resethway -nsteps 100000 -ntomp 1 -gcom 20 -nstlist 20

GROMACS version:    2018.2
Precision:          single
Memory model:       64 bit
MPI library:        MPI
OpenMP support:     enabled (GMX_OPENMP_MAX_THREADS = 64)
GPU support:        disabled
SIMD instructions:  AVX2_256
FFT library:        fftw-3.3.8-sse2-avx-avx2-avx2_128-avx512
RDTSCP usage:       enabled
TNG support:        enabled
Hwloc support:      disabled
Tracing support:    disabled
Built on:           2018-07-18 10:39:47
Built by:           fsg3@gpu2012 [CMAKE]
Build OS/arch:      Linux 2.6.32-696.30.1.el6.x86_64 x86_64
Build CPU vendor:   Intel
Build CPU brand:    Intel(R) Xeon(R) CPU E5-2690 v3 @ 2.60GHz
Build CPU family:   6   Model: 63   Stepping: 2
Build CPU features: aes apic avx avx2 clfsh cmov cx8 cx16 f16c fma htt intel lahf mmx msr nonstop_tsc pcid pclmuldq pdcm pdpe1gb popcnt pse rdrnd rdtscp sse2 sse3 sse4.1 sse4.2 ssse3 tdt x2apic
C compiler:         /app/gcc/4.9.3/bin/gcc GNU 4.9.3
C compiler flags:    -march=core-avx2     -O3 -DNDEBUG -funroll-all-loops -fexcess-precision=fast  
C++ compiler:       /app/gcc/4.9.3/bin/g++ GNU 4.9.3
C++ compiler flags:  -march=core-avx2    -std=c++11   -O3 -DNDEBUG -funroll-all-loops -fexcess-precision=fast  


Running on 1 node with total 24 cores, 24 logical cores
Hardware detected on host std0312 (the node of MPI rank 0):
  CPU info:
    Vendor: Intel
    Brand:  Intel(R) Xeon(R) CPU E5-2690 v3 @ 2.60GHz
    Family: 6   Model: 63   Stepping: 2
    Features: aes apic avx avx2 clfsh cmov cx8 cx16 f16c fma htt intel lahf mmx msr nonstop_tsc pcid pclmuldq pdcm pdpe1gb popcnt pse rdrnd rdtscp sse2 sse3 sse4.1 sse4.2 ssse3 tdt x2apic
  Hardware topology: Basic
    Sockets, cores, and logical processors:
      Socket  0: [   0] [   1] [   2] [   3] [   4] [   5] [   6] [   7] [   8] [   9] [  10] [  11]
      Socket  1: [  12] [  13] [  14] [  15] [  16] [  17] [  18] [  19] [  20] [  21] [  22] [  23]


++++ PLEASE READ AND CITE THE FOLLOWING REFERENCE ++++
M. J. Abraham, T. Murtola, R. Schulz, S. Páll, J. C. Smith, B. Hess, E.
Lindahl
GROMACS: High performance molecular simulations through multi-level
parallelism from laptops to supercomputers
SoftwareX 1 (2015) pp. 19-25
-------- -------- --- Thank You --- -------- --------


++++ PLEASE READ AND CITE THE FOLLOWING REFERENCE ++++
S. Páll, M. J. Abraham, C. Kutzner, B. Hess, E. Lindahl
Tackling Exascale Software Challenges in Molecular Dynamics Simulations with
GROMACS
In S. Markidis & E. Laure (Eds.), Solving Software Challenges for Exascale 8759 (2015) pp. 3-27
-------- -------- --- Thank You --- -------- --------


++++ PLEASE READ AND CITE THE FOLLOWING REFERENCE ++++
S. Pronk, S. Páll, R. Schulz, P. Larsson, P. Bjelkmar, R. Apostolov, M. R.
Shirts, J. C. Smith, P. M. Kasson, D. van der Spoel, B. Hess, and E. Lindahl
GROMACS 4.5: a high-throughput and highly parallel open source molecular
simulation toolkit
Bioinformatics 29 (2013) pp. 845-54
-------- -------- --- Thank You --- -------- --------


++++ PLEASE READ AND CITE THE FOLLOWING REFERENCE ++++
B. Hess and C. Kutzner and D. van der Spoel and E. Lindahl
GROMACS 4: Algorithms for highly efficient, load-balanced, and scalable
molecular simulation
J. Chem. Theory Comput. 4 (2008) pp. 435-447
-------- -------- --- Thank You --- -------- --------


++++ PLEASE READ AND CITE THE FOLLOWING REFERENCE ++++
D. van der Spoel, E. Lindahl, B. Hess, G. Groenhof, A. E. Mark and H. J. C.
Berendsen
GROMACS: Fast, Flexible and Free
J. Comp. Chem. 26 (2005) pp. 1701-1719
-------- -------- --- Thank You --- -------- --------


++++ PLEASE READ AND CITE THE FOLLOWING REFERENCE ++++
E. Lindahl and B. Hess and D. van der Spoel
GROMACS 3.0: A package for molecular simulation and trajectory analysis
J. Mol. Mod. 7 (2001) pp. 306-317
-------- -------- --- Thank You --- -------- --------


++++ PLEASE READ AND CITE THE FOLLOWING REFERENCE ++++
H. J. C. Berendsen, D. van der Spoel and R. van Drunen
GROMACS: A message-passing parallel molecular dynamics implementation
Comp. Phys. Comm. 91 (1995) pp. 43-56
-------- -------- --- Thank You --- -------- --------


The number of OpenMP threads was set by environment variable OMP_NUM_THREADS to 1 (and the command-line setting agreed with that)

Input Parameters:
   integrator                     = md
   tinit                          = 0
   dt                             = 0.002
   nsteps                         = -1
   init-step                      = 0
   simulation-part                = 1
   comm-mode                      = Linear
   nstcomm                        = 100
   bd-fric                        = 0
   ld-seed                        = 1993
   emtol                          = 10
   emstep                         = 0.01
   niter                          = 20
   fcstep                         = 0
   nstcgsteep                     = 1000
   nbfgscorr                      = 10
   rtpi                           = 0.05
   nstxout                        = 0
   nstvout                        = 0
   nstfout                        = 0
   nstlog                         = 50000
   nstcalcenergy                  = 100
   nstenergy                      = 2500
   nstxout-compressed             = 0
   compressed-x-precision         = 1000
   cutoff-scheme                  = Verlet
   nstlist                        = 10
   ns-type                        = Grid
   pbc                            = xyz
   periodic-molecules             = false
   verlet-buffer-tolerance        = 0.005
   rlist                          = 1.263
   coulombtype                    = Reaction-Field
   coulomb-modifier               = Potential-shift
   rcoulomb-switch                = 0
   rcoulomb                       = 1.2
   epsilon-r                      = 1
   epsilon-rf                     = inf
   vdw-type                       = Cut-off
   vdw-modifier                   = Potential-shift
   rvdw-switch                    = 0
   rvdw                           = 1.2
   DispCorr                       = No
   table-extension                = 1
   fourierspacing                 = 0.147
   fourier-nx                     = 0
   fourier-ny                     = 0
   fourier-nz                     = 0
   pme-order                      = 5
   ewald-rtol                     = 1e-05
   ewald-rtol-lj                  = 1e-05
   lj-pme-comb-rule               = Geometric
   ewald-geometry                 = 0
   epsilon-surface                = 0
   implicit-solvent               = No
   gb-algorithm                   = Still
   nstgbradii                     = 1
   rgbradii                       = 1
   gb-epsilon-solvent             = 80
   gb-saltconc                    = 0
   gb-obc-alpha                   = 1
   gb-obc-beta                    = 0.8
   gb-obc-gamma                   = 4.85
   gb-dielectric-offset           = 0.009
   sa-algorithm                   = Ace-approximation
   sa-surface-tension             = 2.05016
   tcoupl                         = V-rescale
   nsttcouple                     = 10
   nh-chain-length                = 0
   print-nose-hoover-chain-variables = false
   pcoupl                         = Parrinello-Rahman
   pcoupltype                     = Isotropic
   nstpcouple                     = 10
   tau-p                          = 4
   compressibility (3x3):
      compressibility[    0]={ 4.50000e-05,  0.00000e+00,  0.00000e+00}
      compressibility[    1]={ 0.00000e+00,  4.50000e-05,  0.00000e+00}
      compressibility[    2]={ 0.00000e+00,  0.00000e+00,  4.50000e-05}
   ref-p (3x3):
      ref-p[    0]={ 1.00000e+00,  0.00000e+00,  0.00000e+00}
      ref-p[    1]={ 0.00000e+00,  1.00000e+00,  0.00000e+00}
      ref-p[    2]={ 0.00000e+00,  0.00000e+00,  1.00000e+00}
   refcoord-scaling               = No
   posres-com (3):
      posres-com[0]= 0.00000e+00
      posres-com[1]= 0.00000e+00
      posres-com[2]= 0.00000e+00
   posres-comB (3):
      posres-comB[0]= 0.00000e+00
      posres-comB[1]= 0.00000e+00
      posres-comB[2]= 0.00000e+00
   QMMM                           = false
   QMconstraints                  = 0
   QMMMscheme                     = 0
   MMChargeScaleFactor            = 1
qm-opts:
   ngQM                           = 0
   constraint-algorithm           = Lincs
   continuation                   = true
   Shake-SOR                      = false
   shake-tol                      = 0.0001
   lincs-order                    = 4
   lincs-iter                     = 1
   lincs-warnangle                = 30
   nwall                          = 0
   wall-type                      = 9-3
   wall-r-linpot                  = -1
   wall-atomtype[0]               = -1
   wall-atomtype[1]               = -1
   wall-density[0]                = 0
   wall-density[1]                = 0
   wall-ewald-zfac                = 3
   pull                           = false
   awh                            = false
   rotation                       = false
   interactiveMD                  = false
   disre                          = No
   disre-weighting                = Conservative
   disre-mixed                    = false
   dr-fc                          = 1000
   dr-tau                         = 0
   nstdisreout                    = 100
   orire-fc                       = 0
   orire-tau                      = 0
   nstorireout                    = 100
   free-energy                    = no
   cos-acceleration               = 0
   deform (3x3):
      deform[    0]={ 0.00000e+00,  0.00000e+00,  0.00000e+00}
      deform[    1]={ 0.00000e+00,  0.00000e+00,  0.00000e+00}
      deform[    2]={ 0.00000e+00,  0.00000e+00,  0.00000e+00}
   simulated-tempering            = false
   swapcoords                     = no
   userint1                       = 0
   userint2                       = 0
   userint3                       = 0
   userint4                       = 0
   userreal1                      = 0
   userreal2                      = 0
   userreal3                      = 0
   userreal4                      = 0
   applied-forces:
     electric-field:
grpopts:
   nrdf:  6.74142e+06
   ref-t:         300
   tau-t:         0.1
annealing:          No
annealing-npoints:           0
   acc:	           0           0           0
   nfreeze:           N           N           N
   energygrp-flags[  0]: 0

The -nsteps functionality is deprecated, and may be removed in a future version. Consider using gmx convert-tpr -nsteps or changing the appropriate .mdp file field.

Overriding nsteps with value passed on the command line: 100000 steps, 200 ps
Changing nstlist from 10 to 20, rlist from 1.263 to 1.361


Initializing Domain Decomposition on 24 ranks
Dynamic load balancing: locked
Initial maximum inter charge-group distances:
    two-body bonded interactions: 0.431 nm, LJ-14, atoms 149898 149896
  multi-body bonded interactions: 0.431 nm, Proper Dih., atoms 149898 149896
Minimum cell size due to bonded interactions: 0.474 nm
Maximum distance for 5 constraints, at 120 deg. angles, all-trans: 0.222 nm
Estimated maximum distance required for P-LINCS: 0.222 nm
Scaling the initial minimum size with 1/0.8 (option -dds) = 1.25
Optimizing the DD grid for 24 cells with a minimum initial size of 0.593 nm
The maximum allowed number of cells is: X 158 Y 29 Z 29
Domain decomposition grid 12 x 2 x 1, separate PME ranks 0
Domain decomposition rank 0, coordinates 0 0 0

The initial number of communication pulses is: X 1 Y 1
The initial domain decomposition cell size is: X 7.81 nm Y 8.85 nm

The maximum allowed distance for charge groups involved in interactions is:
                 non-bonded interactions           1.361 nm
(the following are initial values, they could change due to box deformation)
            two-body bonded interactions  (-rdd)   1.361 nm
          multi-body bonded interactions  (-rdd)   1.361 nm
  atoms separated by up to 5 constraints  (-rcon)  7.807 nm

When dynamic load balancing gets turned on, these settings will change to:
The maximum number of communication pulses is: X 1 Y 1
The minimum size for domain decomposition cells is 1.361 nm
The requested allowed shrink of DD cells (option -dds) is: 0.80
The allowed shrink of domain decomposition cells is: X 0.17 Y 0.15
The maximum allowed distance for charge groups involved in interactions is:
                 non-bonded interactions           1.361 nm
            two-body bonded interactions  (-rdd)   1.361 nm
          multi-body bonded interactions  (-rdd)   1.361 nm
  atoms separated by up to 5 constraints  (-rcon)  1.361 nm


Using 24 MPI processes
Using 1 OpenMP thread per MPI process


Non-default thread affinity set probably by the OpenMP library,
disabling internal thread affinity
System total charge: -0.000
Reaction-Field:
epsRF = 0, rc = 1.2, krf = 0.289352, crf = 1.25, epsfac = 138.935
The electrostatics potential has its minimum at r = 1.2
Potential shift: LJ r^-12: -1.122e-01 r^-6: -3.349e-01
Generated table with 1180 data points for 1-4 COUL.
Tabscale = 500 points/nm
Generated table with 1180 data points for 1-4 LJ6.
Tabscale = 500 points/nm
Generated table with 1180 data points for 1-4 LJ12.
Tabscale = 500 points/nm

Using SIMD 4x8 nonbonded short-range kernels

Using a dual 4x8 pair-list setup updated with dynamic pruning:
  outer list: updated every 20 steps, buffer 0.161 nm, rlist 1.361 nm
  inner list: updated every  4 steps, buffer 0.011 nm, rlist 1.211 nm
At tolerance 0.005 kJ/mol/ps per atom, equivalent classical 1x1 list would be:
  outer list: updated every 20 steps, buffer 0.213 nm, rlist 1.413 nm
  inner list: updated every  4 steps, buffer 0.021 nm, rlist 1.221 nm

Using Lorentz-Berthelot Lennard-Jones combination rule


Initializing Parallel LINear Constraint Solver

++++ PLEASE READ AND CITE THE FOLLOWING REFERENCE ++++
B. Hess
P-LINCS: A Parallel Linear Constraint Solver for molecular simulation
J. Chem. Theory Comput. 4 (2008) pp. 116-122
-------- -------- --- Thank You --- -------- --------

The number of constraints is 95216
There are inter charge-group constraints,
will communicate selected coordinates each lincs iteration

++++ PLEASE READ AND CITE THE FOLLOWING REFERENCE ++++
S. Miyamoto and P. A. Kollman
SETTLE: An Analytical Version of the SHAKE and RATTLE Algorithms for Rigid
Water Models
J. Comp. Chem. 13 (1992) pp. 952-962
-------- -------- --- Thank You --- -------- --------


Linking all bonded interactions to atoms


The -noconfout functionality is deprecated, and may be removed in a future version.

The -resethway functionality is deprecated, and may be removed in a future version.

NOTE: -gcom changes nsttcouple to 20

NOTE: -gcom changes nstpcouple to 20

Intra-simulation communication will occur every 20 steps.
Center of mass motion removal mode is Linear
We have the following groups for center of mass motion removal:
  0:  System

++++ PLEASE READ AND CITE THE FOLLOWING REFERENCE ++++
G. Bussi, D. Donadio and M. Parrinello
Canonical sampling through velocity rescaling
J. Chem. Phys. 126 (2007) pp. 014101
-------- -------- --- Thank You --- -------- --------

There are: 3316463 Atoms
Atom distribution over 24 domains: av 138185 stddev 2122 min 134339 max 140808

Started mdrun on rank 0 Mon Oct 11 14:44:48 2021
           Step           Time
              0        0.00000

   Energies (kJ/mol)
           Bond            U-B    Proper Dih.          LJ-14     Coulomb-14
    1.61528e+05    1.39988e+06   -4.06956e+04    3.43319e+05    4.59319e+06
        LJ (SR)   Coulomb (SR)      Potential    Kinetic En.   Total Energy
    7.73072e+06   -5.21293e+07   -3.79414e+07    8.76591e+06   -2.91755e+07
  Conserved En.    Temperature Pressure (bar)   Constr. rmsd
   -2.91734e+07    3.12782e+02    4.44253e+03    1.18598e-05

DD  step 19 load imb.: force  4.8%


step 60 Turning on dynamic load balancing, because the performance loss due to load imbalance is 3.5 %.

Writing checkpoint, step 5160 at Mon Oct 11 14:59:52 2021



step 5200 Turning off dynamic load balancing, because it is degrading performance.

Atom distribution over 24 domains: av 138185 stddev 762 min 137091 max 139103
Writing checkpoint, step 10240 at Mon Oct 11 15:14:53 2021


Writing checkpoint, step 15320 at Mon Oct 11 15:29:52 2021


Writing checkpoint, step 20420 at Mon Oct 11 15:44:54 2021


Writing checkpoint, step 25500 at Mon Oct 11 15:59:55 2021


Writing checkpoint, step 30560 at Mon Oct 11 16:14:53 2021


Writing checkpoint, step 35640 at Mon Oct 11 16:29:54 2021


Writing checkpoint, step 40720 at Mon Oct 11 16:44:53 2021


Writing checkpoint, step 45800 at Mon Oct 11 16:59:53 2021



step 50000: resetting all time and cycle counters
Restarted time on rank 0 Mon Oct 11 17:12:17 2021
DD  step 49999 load imb.: force  2.6%


step 50000 Turning on dynamic load balancing, because the performance loss due to load imbalance is 2.1 %.

           Step           Time
          50000      100.00000

   Energies (kJ/mol)
           Bond            U-B    Proper Dih.          LJ-14     Coulomb-14
    2.23081e+05    5.06074e+05   -9.81390e+04    3.49624e+05    4.69210e+06
        LJ (SR)   Coulomb (SR)      Potential    Kinetic En.   Total Energy
    6.10585e+06   -5.08472e+07   -3.90686e+07    8.40839e+06   -3.06602e+07
  Conserved En.    Temperature Pressure (bar)   Constr. rmsd
   -2.87680e+07    3.00025e+02    2.20469e+00    1.17810e-05


step 66400 Turning off dynamic load balancing, because it is degrading performance.

Atom distribution over 24 domains: av 138185 stddev 654 min 137336 max 138705
DD  step 99999 load imb.: force  2.8%

           Step           Time
         100000      200.00000

   Energies (kJ/mol)
           Bond            U-B    Proper Dih.          LJ-14     Coulomb-14
    2.20960e+05    4.98009e+05   -1.09854e+05    3.51055e+05    4.70622e+06
        LJ (SR)   Coulomb (SR)      Potential    Kinetic En.   Total Energy
    6.08793e+06   -5.08099e+07   -3.90555e+07    8.40316e+06   -3.06524e+07
  Conserved En.    Temperature Pressure (bar)   Constr. rmsd
   -2.81158e+07    2.99838e+02    5.37554e+00    1.18255e-05

	<======  ###############  ==>
	<====  A V E R A G E S  ====>
	<==  ###############  ======>

	Statistics over 100001 steps using 1001 frames

   Energies (kJ/mol)
           Bond            U-B    Proper Dih.          LJ-14     Coulomb-14
    2.28669e+05    5.19117e+05   -8.77964e+04    3.47974e+05    4.68272e+06
        LJ (SR)   Coulomb (SR)      Potential    Kinetic En.   Total Energy
    6.12098e+06   -5.08858e+07   -3.90741e+07    8.40949e+06   -3.06646e+07
  Conserved En.    Temperature Pressure (bar)   Constr. rmsd
   -2.87687e+07    3.00064e+02    6.40428e+00    0.00000e+00

          Box-X          Box-Y          Box-Z
    9.33356e+01    2.03631e+01    1.76350e+01

   Total Virial (kJ/mol)
    2.79916e+06   -1.45131e+03   -1.87626e+02
   -1.47062e+03    2.77854e+06   -1.96506e+03
    2.08110e+02   -1.94418e+03    2.81234e+06

   Pressure (bar)
    9.73047e+00    1.24474e+00    3.36280e-01
    1.26461e+00    4.65249e+00    4.39061e-01
   -5.64274e-02    4.18192e-01    4.82989e+00


	M E G A - F L O P S   A C C O U N T I N G

 NB=Group-cutoff nonbonded kernels    NxN=N-by-N cluster Verlet kernels
 RF=Reaction-Field  VdW=Van der Waals  QSTab=quadratic-spline table
 W3=SPC/TIP3p  W4=TIP4p (single or pairs)
 V&F=Potential and force  V=Potential only  F=Force only

 Computing:                               M-Number         M-Flops  % Flops
-----------------------------------------------------------------------------
 Pair Search distance check         5442099.012506    48978891.113     0.9
 NxN RF Elec. + LJ [F]             84380197.350080  3206447499.303    57.2
 NxN RF Elec. + LJ [V&F]             854038.241344    46118065.033     0.8
 NxN LJ [F]                              33.148384        1093.897     0.0
 NxN LJ [V&F]                             0.350848          15.086     0.0
 NxN RF Electrostatics [F]         72012523.899520  2232388240.885    39.8
 NxN RF Electrostatics [V&F]         728861.527776    26239015.000     0.5
 1,4 nonbonded interactions           27976.959528     2517926.358     0.0
 Reset In Box                          8291.157500       24873.472     0.0
 CG-CoM                                8294.473963       24883.422     0.0
 Bonds                                 5882.517648      347068.541     0.0
 Propers                              69809.996172    15986489.123     0.3
 Virial                                8297.175043      149349.151     0.0
 Stop-CM                               1661.547963       16615.480     0.0
 Calc-Ekin                            16585.631463      447812.050     0.0
 Lincs                                 4875.071059      292504.264     0.0
 Lincs-Mat                            11381.380500       45525.522     0.0
 Constraint-V                        168544.713836     1348357.711     0.0
 Constraint-Vir                        8186.591752      196478.202     0.0
 Settle                               52931.523906    17096882.222     0.3
 Urey-Bradley                         19140.182796     3502653.452     0.1
-----------------------------------------------------------------------------
 Total                                              5602170239.284   100.0
-----------------------------------------------------------------------------


    D O M A I N   D E C O M P O S I T I O N   S T A T I S T I C S

 av. #atoms communicated per step for force:  2 x 1169746.4
 av. #atoms communicated per step for LINCS:  2 x 67356.6


 Dynamic load balancing report:
 DLB was off during the run due to low measured imbalance.
 Average load imbalance: 1.4%.
 The balanceable part of the MD step is 81%, load imbalance is computed from this.
 Part of the total run time spent waiting due to load imbalance: 1.2%.


     R E A L   C Y C L E   A N D   T I M E   A C C O U N T I N G

On 24 MPI ranks

 Computing:          Num   Num      Call    Wall time         Giga-Cycles
                     Ranks Threads  Count      (s)         total sum    %
-----------------------------------------------------------------------------
 Domain decomp.        24    1       2501     173.954      10829.516   2.0
 DD comm. load         24    1       1157       0.444         27.639   0.0
 DD comm. bounds       24    1        820       2.014        125.384   0.0
 Neighbor search       24    1       2501     688.262      42847.830   7.8
 Comm. coord.          24    1      47500      99.534       6196.487   1.1
 Force                 24    1      50001    7221.189     449555.840  82.1
 Wait + Comm. F        24    1      50001     183.478      11422.419   2.1
 NB X/F buffer ops.    24    1     145001      76.253       4747.126   0.9
 Update                24    1      50001      95.869       5968.336   1.1
 Constraints           24    1      50001     234.961      14627.523   2.7
 Comm. energies        24    1       2501      14.605        909.245   0.2
 Rest                                           7.741        481.924   0.1
-----------------------------------------------------------------------------
 Total                                       8798.304     547739.270 100.0
-----------------------------------------------------------------------------

               Core t (s)   Wall t (s)        (%)
       Time:   211159.295     8798.304     2400.0
                         2h26:38
                 (ns/day)    (hour/ns)
Performance:        0.982       24.439
Finished mdrun on rank 0 Mon Oct 11 19:38:56 2021
